<?xml version="1.0" encoding="utf-8"?><testsuites name="pytest tests"><testsuite name="pytest" errors="0" failures="0" skipped="0" tests="12" time="2.975" timestamp="2026-04-26T09:16:16.496337+00:00" hostname="agent-env-267c8bd3-f469-46e5-9fae-f1cf9bb9fdc5"><testcase classname="tests.test_affiliate.TestAffiliateAuthGates" name="test_me_no_auth_401" time="0.236" /><testcase classname="tests.test_affiliate.TestAffiliateAuthGates" name="test_track_click_unknown_code" time="0.136" /><testcase classname="tests.test_affiliate.TestAffiliateAuthGates" name="test_admin_list_no_auth_401" time="0.113" /><testcase classname="tests.test_affiliate.TestTierResolution" name="test_tiers" time="2.150" /><testcase classname="tests.test_affiliate.TestCommissionAccrual" name="test_subscriber_3_monthly_invoices_then_cap" time="0.056" /><testcase classname="tests.test_affiliate.TestCommissionAccrual" name="test_founder_25pct_lifetime_one_time" time="0.006" /><testcase classname="tests.test_affiliate.TestCommissionAccrual" name="test_lifetime_17pct_annual_one_time" time="0.005" /><testcase classname="tests.test_affiliate.TestCommissionAccrual" name="test_no_referrer_no_event" time="0.004" /><testcase classname="tests.test_affiliate.TestCommissionAccrual" name="test_subscriber_bonus_month_cap_4" time="0.017" /><testcase classname="tests.test_affiliate.TestRefDiscount" name="test_discounted_amount_helper" time="0.000" /><testcase classname="tests.test_affiliate.TestEnsureCode" name="test_generates_and_persists" time="0.003" /><testcase classname="tests.test_affiliate.TestEnsureCode" name="test_track_click_real_code" time="0.147" /></testsuite></testsuites>