<?xml version="1.0" encoding="utf-8"?><testsuites name="pytest tests"><testsuite name="pytest" errors="0" failures="0" skipped="0" tests="8" time="2.481" timestamp="2026-04-26T08:23:52.685298+00:00" hostname="agent-env-267c8bd3-f469-46e5-9fae-f1cf9bb9fdc5"><testcase classname="tests.test_compile_document.TestCompileDocumentAuthGate" name="test_no_session_returns_401" time="0.228" /><testcase classname="tests.test_compile_document.TestCompileDocumentSuccess" name="test_brief_briefing_returns_markdown" time="2.157" /><testcase classname="tests.test_compile_document.TestCompileDocumentSuccess" name="test_custom_length_clamps_and_threads_through" time="0.008" /><testcase classname="tests.test_compile_document.TestCompileDocumentSuccess" name="test_deep_preset_threads_through" time="0.003" /><testcase classname="tests.test_compile_document.TestCompileDocumentValidation" name="test_empty_root_title_400" time="0.003" /><testcase classname="tests.test_compile_document.TestCompileDocumentValidation" name="test_empty_children_with_title_falls_back_to_outline" time="0.003" /><testcase classname="tests.test_compile_document.TestCompileDocumentQuota" name="test_free_user_over_limit_returns_402" time="0.002" /><testcase classname="tests.test_compile_document.TestCompileDocumentQuota" name="test_byok_bypasses_quota" time="0.002" /></testsuite></testsuites>