<?xml version="1.0" encoding="utf-8"?><testsuites name="pytest tests"><testsuite name="pytest" errors="0" failures="0" skipped="0" tests="8" time="2.665" timestamp="2026-04-23T22:16:53.057834+00:00" hostname="agent-env-267c8bd3-f469-46e5-9fae-f1cf9bb9fdc5"><testcase classname="tests.test_mindmapper_api.TestBillingPlans" name="test_plans_public_no_auth" time="1.359" /><testcase classname="tests.test_mindmapper_api.TestBillingCheckoutValidation" name="test_invalid_plan_returns_400" time="0.107" /><testcase classname="tests.test_mindmapper_api.TestBillingCheckoutValidation" name="test_valid_plan_missing_auth_returns_401_or_403" time="0.105" /><testcase classname="tests.test_mindmapper_api.TestBillingCheckoutValidation" name="test_malformed_body_no_500" time="0.141" /><testcase classname="tests.test_mindmapper_api.TestResearchAssistant" name="test_research_unauthenticated_returns_401" time="0.111" /><testcase classname="tests.test_mindmapper_api.TestEnrichOutline" name="test_enrich_outline_unauthenticated_returns_401" time="0.194" /><testcase classname="tests.test_mindmapper_api.TestHealth" name="test_api_root" time="0.104" /><testcase classname="tests.test_mindmapper_api.TestHealth" name="test_health" time="0.146" /></testsuite></testsuites>