<?xml version="1.0" encoding="utf-8"?><testsuites name="pytest tests"><testsuite name="pytest" errors="0" failures="0" skipped="0" tests="14" time="6.654" timestamp="2026-04-24T08:57:41.083336+00:00" hostname="agent-env-267c8bd3-f469-46e5-9fae-f1cf9bb9fdc5"><testcase classname="tests.test_share.TestSharePublicUnauth" name="test_get_nonexistent_slug_returns_404" time="0.266" /><testcase classname="tests.test_share.TestSharePublicUnauth" name="test_post_share_requires_auth" time="0.357" /><testcase classname="tests.test_share.TestSharePublicUnauth" name="test_delete_share_requires_auth" time="0.101" /><testcase classname="tests.test_share.TestSharePublicUnauth" name="test_list_mine_requires_auth" time="0.136" /><testcase classname="tests.test_share.TestShareCreateFlow" name="test_post_missing_title_returns_400" time="2.087" /><testcase classname="tests.test_share.TestShareCreateFlow" name="test_post_too_large_returns_413" time="0.006" /><testcase classname="tests.test_share.TestShareCreateFlow" name="test_full_create_get_revoke_flow" time="1.718" /><testcase classname="tests.test_share.TestOGImage" name="test_og_nonexistent_slug_returns_200_fallback_public" time="0.241" /><testcase classname="tests.test_share.TestOGImage" name="test_og_nonexistent_slug_header_in_process" time="0.122" /><testcase classname="tests.test_share.TestOGImage" name="test_og_valid_slug_returns_png_with_300_cache" time="0.831" /><testcase classname="tests.test_share.TestOGImage" name="test_og_real_map_tree_render_is_larger_than_fallback" time="0.284" /><testcase classname="tests.test_share.TestRegressionMounts" name="test_health" time="0.133" /><testcase classname="tests.test_share.TestRegressionMounts" name="test_billing_plans" time="0.116" /><testcase classname="tests.test_share.TestRegressionMounts" name="test_research_stream_mounted" time="0.167" /></testsuite></testsuites>