<?xml version="1.0" encoding="utf-8"?><testsuites name="pytest tests"><testsuite name="pytest" errors="0" failures="0" skipped="0" tests="40" time="6.812" timestamp="2026-04-24T17:23:49.317803+00:00" hostname="agent-env-267c8bd3-f469-46e5-9fae-f1cf9bb9fdc5"><testcase classname="tests.test_llm_dispatch" name="test_normalize_provider_accepts_all_four" time="0.000" /><testcase classname="tests.test_llm_dispatch" name="test_normalize_provider_falls_back_to_anthropic" time="0.000" /><testcase classname="tests.test_llm_dispatch" name="test_normalize_provider_is_case_insensitive" time="0.000" /><testcase classname="tests.test_llm_dispatch" name="test_llmgateway_constants" time="0.000" /><testcase classname="tests.test_llm_dispatch" name="test_call_llm_routes_llmgateway_through_openai_sdk" time="0.003" /><testcase classname="tests.test_llm_dispatch" name="test_call_llm_routes_native_providers_through_llmchat" time="0.001" /><testcase classname="tests.test_llmgateway_endpoints" name="test_research_accepts_llmgateway_provider" time="0.265" /><testcase classname="tests.test_llmgateway_endpoints" name="test_research_enrich_outline_accepts_llmgateway_provider" time="0.118" /><testcase classname="tests.test_llmgateway_endpoints" name="test_mindmap_from_pdf_accepts_llmgateway_provider" time="0.184" /><testcase classname="tests.test_llmgateway_endpoints" name="test_research_stream_accepts_llmgateway_provider" time="0.130" /><testcase classname="tests.test_llmgateway_endpoints" name="test_invalid_provider_falls_back_not_400" time="0.173" /><testcase classname="tests.test_billing_plans" name="test_plans_structure" time="0.000" /><testcase classname="tests.test_billing_plans" name="test_available_plans_never_empty" time="0.000" /><testcase classname="tests.test_billing_plans" name="test_free_ai_limit_is_one_for_byok_policy" time="0.000" /><testcase classname="tests.test_share.TestSharePublicUnauth" name="test_get_nonexistent_slug_returns_404" time="0.147" /><testcase classname="tests.test_share.TestSharePublicUnauth" name="test_post_share_requires_auth" time="0.113" /><testcase classname="tests.test_share.TestSharePublicUnauth" name="test_delete_share_requires_auth" time="0.150" /><testcase classname="tests.test_share.TestSharePublicUnauth" name="test_list_mine_requires_auth" time="0.182" /><testcase classname="tests.test_share.TestShareCreateFlow" name="test_post_missing_title_returns_400" time="0.011" /><testcase classname="tests.test_share.TestShareCreateFlow" name="test_post_too_large_returns_413" time="0.007" /><testcase classname="tests.test_share.TestShareCreateFlow" name="test_full_create_get_revoke_flow" time="0.386" /><testcase classname="tests.test_share.TestOGImage" name="test_og_nonexistent_slug_returns_200_fallback_public" time="0.256" /><testcase classname="tests.test_share.TestOGImage" name="test_og_nonexistent_slug_header_in_process" time="0.126" /><testcase classname="tests.test_share.TestOGImage" name="test_og_valid_slug_returns_png_with_300_cache" time="0.852" /><testcase classname="tests.test_share.TestOGImage" name="test_og_real_map_tree_render_is_larger_than_fallback" time="0.287" /><testcase classname="tests.test_share.TestRegressionMounts" name="test_health" time="0.181" /><testcase classname="tests.test_share.TestRegressionMounts" name="test_billing_plans" time="0.112" /><testcase classname="tests.test_share.TestRegressionMounts" name="test_research_stream_mounted" time="0.110" /><testcase classname="tests.test_research_memory" name="test_research_request_accepts_empty_memory" time="0.000" /><testcase classname="tests.test_research_memory" name="test_research_request_parses_memory_entries" time="0.000" /><testcase classname="tests.test_research_memory" name="test_build_memory_blob_empty_returns_empty_string" time="0.000" /><testcase classname="tests.test_research_memory" name="test_build_memory_blob_renders_compact_tree" time="0.000" /><testcase classname="tests.test_research_memory" name="test_build_memory_blob_caps_entries_and_branches" time="0.000" /><testcase classname="tests.test_research_memory" name="test_build_memory_blob_skips_entries_without_focus_title" time="0.000" /><testcase classname="tests.test_research_stream.TestPublicEndpoints" name="test_health" time="0.106" /><testcase classname="tests.test_research_stream.TestPublicEndpoints" name="test_billing_plans" time="0.109" /><testcase classname="tests.test_research_stream.TestPublicEndpoints" name="test_research_stream_unauthenticated_returns_401" time="0.114" /><testcase classname="tests.test_research_stream.TestPublicEndpoints" name="test_research_non_streaming_unauthenticated_returns_401" time="0.122" /><testcase classname="tests.test_research_stream.TestStreamWithAuthOverride" name="test_missing_focus_title_returns_400" time="0.002" /><testcase classname="tests.test_research_stream.TestStreamWithAuthOverride" name="test_stream_headers_are_sse" time="0.103" /></testsuite></testsuites>