<?xml version="1.0" encoding="utf-8"?><testsuites name="pytest tests"><testsuite name="pytest" errors="0" failures="0" skipped="0" tests="8" time="1.988" timestamp="2026-04-30T14:59:47.391062+00:00" hostname="agent-env-267c8bd3-f469-46e5-9fae-f1cf9bb9fdc5"><testcase classname="tests.test_premium_addon.TestPremiumAuth" name="test_premium_status_unauth" time="0.257" /><testcase classname="tests.test_premium_addon.TestPremiumAuth" name="test_premium_bailii_search_unauth_is_401_not_402" time="0.115" /><testcase classname="tests.test_premium_addon.TestPremiumAuth" name="test_premium_lexisnexis_probe_unauth" time="0.159" /><testcase classname="tests.test_premium_addon.TestAddonCheckoutAuth" name="test_addon_checkout_unauth" time="0.125" /><testcase classname="tests.test_premium_addon.TestAddonCheckoutAuth" name="test_addon_checkout_invalid_addon_key" time="0.120" /><testcase classname="tests.test_premium_addon.TestBackendRegressions" name="test_license_verify_unauth_still_401" time="0.252" /><testcase classname="tests.test_premium_addon.TestBackendRegressions" name="test_billing_plans_unpolluted" time="0.119" /><testcase classname="tests.test_premium_addon.TestBackendRegressions" name="test_corpus_law_uk_search" time="0.765" /></testsuite></testsuites>