<?xml version="1.0" encoding="utf-8"?><testsuites name="pytest tests"><testsuite name="pytest" errors="0" failures="0" skipped="0" tests="5" time="0.752" timestamp="2026-04-30T14:09:46.549562+00:00" hostname="agent-env-267c8bd3-f469-46e5-9fae-f1cf9bb9fdc5"><testcase classname="backend.tests.test_license_verify.TestLicenseVerifyAuth" name="test_verify_without_auth_returns_401" time="0.159" /><testcase classname="backend.tests.test_license_verify.TestLicenseVerifyAuth" name="test_verify_with_bogus_bearer_returns_401" time="0.141" /><testcase classname="backend.tests.test_license_verify.TestLicenseVerifyAuth" name="test_verify_with_bogus_cookie_returns_401" time="0.121" /><testcase classname="backend.tests.test_license_verify.TestLicenseTokenStructureSelfCheck" name="test_token_format_contract" time="0.000" /><testcase classname="backend.tests.test_license_verify.TestCorpusSearchRegression" name="test_law_uk_search_equality_act" time="0.248" /></testsuite></testsuites>