<?xml version="1.0" encoding="utf-8"?><testsuites name="pytest tests"><testsuite name="pytest" errors="0" failures="0" skipped="0" tests="6" time="2.091" timestamp="2026-04-24T17:02:05.327295+00:00" hostname="agent-env-267c8bd3-f469-46e5-9fae-f1cf9bb9fdc5"><testcase classname="tests.test_llm_dispatch" name="test_normalize_provider_accepts_all_four" time="0.000" /><testcase classname="tests.test_llm_dispatch" name="test_normalize_provider_falls_back_to_anthropic" time="0.001" /><testcase classname="tests.test_llm_dispatch" name="test_normalize_provider_is_case_insensitive" time="0.000" /><testcase classname="tests.test_llm_dispatch" name="test_llmgateway_constants" time="0.000" /><testcase classname="tests.test_llm_dispatch" name="test_call_llm_routes_llmgateway_through_openai_sdk" time="0.003" /><testcase classname="tests.test_llm_dispatch" name="test_call_llm_routes_native_providers_through_llmchat" time="0.002" /></testsuite></testsuites>