<?xml version="1.0" encoding="utf-8"?><testsuites name="pytest tests"><testsuite name="pytest" errors="0" failures="0" skipped="0" tests="8" time="0.713" timestamp="2026-04-24T17:23:41.282048+00:00" hostname="agent-env-267c8bd3-f469-46e5-9fae-f1cf9bb9fdc5"><testcase classname="tests.test_sync" name="test_free_user_gets_402" time="0.014" /><testcase classname="tests.test_sync" name="test_status_disabled_for_free" time="0.007" /><testcase classname="tests.test_sync" name="test_push_then_pull_roundtrip" time="0.056" /><testcase classname="tests.test_sync" name="test_lww_keeps_server_newer" time="0.058" /><testcase classname="tests.test_sync" name="test_since_filter_only_returns_recent" time="0.056" /><testcase classname="tests.test_sync" name="test_delete_creates_tombstone_and_shows_in_pull" time="0.060" /><testcase classname="tests.test_sync" name="test_user_isolation" time="0.057" /><testcase classname="tests.test_sync" name="test_purge_old_tombstones" time="0.028" /></testsuite></testsuites>