<?xml version="1.0" encoding="utf-8"?><testsuites name="pytest tests"><testsuite name="pytest" errors="0" failures="0" skipped="0" tests="20" time="5.158" timestamp="2026-05-06T11:37:40.167694+00:00" hostname="agent-env-267c8bd3-f469-46e5-9fae-f1cf9bb9fdc5"><testcase classname="tests.test_stripe_flow" name="test_create_checkout_priced_plans_no_xor_pydantic_error[monthly]" time="0.356" /><testcase classname="tests.test_stripe_flow" name="test_create_checkout_priced_plans_no_xor_pydantic_error[annual]" time="0.212" /><testcase classname="tests.test_stripe_flow" name="test_create_checkout_priced_plans_no_xor_pydantic_error[lifetime]" time="0.200" /><testcase classname="tests.test_billing_plans" name="test_plans_structure" time="0.000" /><testcase classname="tests.test_billing_plans" name="test_plan_amount_cents_conversion" time="0.000" /><testcase classname="tests.test_billing_plans" name="test_lite_plan_uses_dynamic_amount_no_price_id" time="0.000" /><testcase classname="tests.test_billing_plans" name="test_affiliate_lite_subscribers_earn_subscriber_rate" time="0.000" /><testcase classname="tests.test_billing_plans" name="test_free_ai_limit_is_one_for_byok_policy" time="1.795" /><testcase classname="tests.test_premium_addon.TestPremiumAuth" name="test_premium_status_unauth" time="0.316" /><testcase classname="tests.test_premium_addon.TestPremiumAuth" name="test_premium_bailii_search_unauth_is_401_not_402" time="0.182" /><testcase classname="tests.test_premium_addon.TestPremiumAuth" name="test_premium_lexisnexis_probe_unauth" time="0.197" /><testcase classname="tests.test_premium_addon.TestPremiumAuth" name="test_premium_lexisnexis_token_put_unauth" time="0.223" /><testcase classname="tests.test_premium_addon.TestPremiumAuth" name="test_premium_case_summary_unauth" time="0.098" /><testcase classname="tests.test_premium_addon.TestPremiumAuth" name="test_premium_case_summary_unauth_with_evil_host" time="0.174" /><testcase classname="tests.test_premium_addon.TestPremiumAuth" name="test_premium_case_summary_unauth_empty_body" time="0.193" /><testcase classname="tests.test_premium_addon.TestAddonCheckoutAuth" name="test_addon_checkout_unauth" time="0.160" /><testcase classname="tests.test_premium_addon.TestAddonCheckoutAuth" name="test_addon_checkout_invalid_addon_key" time="0.119" /><testcase classname="tests.test_premium_addon.TestBackendRegressions" name="test_license_verify_unauth_still_401" time="0.101" /><testcase classname="tests.test_premium_addon.TestBackendRegressions" name="test_billing_plans_unpolluted" time="0.166" /><testcase classname="tests.test_premium_addon.TestBackendRegressions" name="test_corpus_law_uk_search" time="0.262" /></testsuite></testsuites>