<?xml version="1.0" encoding="utf-8"?><testsuites name="pytest tests"><testsuite name="pytest" errors="0" failures="0" skipped="0" tests="7" time="2.667" timestamp="2026-04-23T23:19:42.094289+00:00" hostname="agent-env-267c8bd3-f469-46e5-9fae-f1cf9bb9fdc5"><testcase classname="tests.test_share.TestSharePublicUnauth" name="test_get_nonexistent_slug_returns_404" time="0.135" /><testcase classname="tests.test_share.TestSharePublicUnauth" name="test_post_share_requires_auth" time="0.106" /><testcase classname="tests.test_share.TestSharePublicUnauth" name="test_delete_share_requires_auth" time="0.131" /><testcase classname="tests.test_share.TestSharePublicUnauth" name="test_list_mine_requires_auth" time="0.128" /><testcase classname="tests.test_share.TestShareCreateFlow" name="test_post_missing_title_returns_400" time="1.721" /><testcase classname="tests.test_share.TestShareCreateFlow" name="test_post_too_large_returns_413" time="0.006" /><testcase classname="tests.test_share.TestShareCreateFlow" name="test_full_create_get_revoke_flow" time="0.375" /></testsuite></testsuites>