<?xml version="1.0" encoding="utf-8"?><testsuites name="pytest tests"><testsuite name="pytest" errors="0" failures="1" skipped="0" tests="6" time="6.102" timestamp="2026-05-09T11:07:08.769261+00:00" hostname="agent-env-267c8bd3-f469-46e5-9fae-f1cf9bb9fdc5"><testcase classname="backend.tests.test_share_unfurl.TestUnfurlFallback" name="test_nonexistent_slug_returns_200_fallback" time="0.243" /><testcase classname="backend.tests.test_share_unfurl.TestUnfurlFallback" name="test_cache_control_header_in_process" time="5.298" /><testcase classname="backend.tests.test_share_unfurl.TestUnfurlRealShare" name="test_real_share_unfurl_has_title_and_branch_count" time="0.013" /><testcase classname="backend.tests.test_share_unfurl.TestUnfurlRealShare" name="test_x_forwarded_proto_https_passthrough" time="0.006" /><testcase classname="backend.tests.test_share_unfurl.TestUnfurlRealShare" name="test_public_url_serves_unfurl" time="0.167" /><testcase classname="backend.tests.test_share_unfurl.TestBaselineOGTags" name="test_index_html_has_og_and_twitter_tags" time="0.159"><failure message="assert 'mind-mapper · Turn any PDF into a mind-map' in '&lt;!doctype html&gt;\n&lt;html lang=&quot;en&quot;&gt;\n    &lt;head&gt;\n        &lt;meta charset=&quot;utf-8&quot; /&gt;\n        &lt;meta name=&quot;viewport&quot; content=&quot;width=device-width, initial-scale=1&quot; /&gt;\n        &lt;meta name=&quot;theme-color&quot; content=&quot;#03040a&quot; /&gt;\n        &lt;!-- Brand icon — cyan neon &quot;M&quot; on cosmic dark background. Multi-res\n             favicon covers browser tabs (16/32/48/64), apple-touch-icon for\n             iOS home-screen add, manifest.json points at 192/512 for PWA +\n             Android install prompts. --&gt;\n        &lt;link rel=&quot;icon&quot; href=&quot;/favicon.ico&quot; sizes=&quot;any&quot; /&gt;\n        &lt;link rel=&quot;icon&quot; type=&quot;image/png&quot; sizes=&quot;192x192&quot; href=&quot;/icon-192.png&quot; /&gt;\n        &lt;link rel=&quot;icon&quot; type=&quot;image/png&quot; sizes=&quot;512x512&quot; href=&quot;/icon-512.png&quot; /&gt;\n        &lt;link rel=&quot;apple-touch-icon&quot; sizes=&quot;180x180&quot; href=&quot;/apple-touch-icon.png&quot; /&gt;\n        &lt;link rel=&quot;manifest&quot; href=&quot;/manifest.json&quot; /&gt;\n        &lt;meta name=&quot;description&quot; content=&quot;AI mind map generator — turn any PDF into an interactive mind map in 60 seconds. Local-first, BYO-key, free tier. No login required.&quot; /&gt;\n        &lt;meta name=&quot;keywords&quot; content=&quot;PDF to mind map, AI mind map generator, AI mind mapping tool, mind map maker, mind map from PDF, free mind mapping sof...les for anonymous users as well,\n                session_recording: {\n                    recordCrossOriginIframes: true,\n                    capturePerformance: false,\n                },\n            });\n        &lt;/script&gt;\n    &lt;script&gt;(function(){function c(){var b=a.contentDocument||a.contentWindow.document;if(b){var d=b.createElement(\'script\');d.innerHTML=&quot;window.__CF$cv$params={r:\'9f903d48bd4922c4\',t:\'MTc3ODMyNDgzNA==\'};var a=document.createElement(\'script\');a.src=\'/cdn-cgi/challenge-platform/scripts/jsd/main.js\';document.getElementsByTagName(\'head\')[0].appendChild(a);&quot;;b.getElementsByTagName(\'head\')[0].appendChild(d)}}if(document.body){var a=document.createElement(\'iframe\');a.height=1;a.width=1;a.style.position=\'absolute\';a.style.top=0;a.style.left=0;a.style.border=\'none\';a.style.visibility=\'hidden\';document.body.appendChild(a);if(\'loading\'!==document.readyState)c();else if(window.addEventListener)document.addEventListener(\'DOMContentLoaded\',c);else{var e=document.onreadystatechange||function(){};document.onreadystatechange=function(b){e(b);\'loading\'!==document.readyState&amp;&amp;(document.onreadystatechange=e,c())}}}})();&lt;/script&gt;&lt;/body&gt;\n&lt;/html&gt;\n'">backend/tests/test_share_unfurl.py:121: in test_index_html_has_og_and_twitter_tags
    assert "mind-mapper · Turn any PDF into a mind-map" in body
E   assert 'mind-mapper · Turn any PDF into a mind-map' in '&lt;!doctype html&gt;\n&lt;html lang="en"&gt;\n    &lt;head&gt;\n        &lt;meta charset="utf-8" /&gt;\n        &lt;meta name="viewport" content="width=device-width, initial-scale=1" /&gt;\n        &lt;meta name="theme-color" content="#03040a" /&gt;\n        &lt;!-- Brand icon — cyan neon "M" on cosmic dark background. Multi-res\n             favicon covers browser tabs (16/32/48/64), apple-touch-icon for\n             iOS home-screen add, manifest.json points at 192/512 for PWA +\n             Android install prompts. --&gt;\n        &lt;link rel="icon" href="/favicon.ico" sizes="any" /&gt;\n        &lt;link rel="icon" type="image/png" sizes="192x192" href="/icon-192.png" /&gt;\n        &lt;link rel="icon" type="image/png" sizes="512x512" href="/icon-512.png" /&gt;\n        &lt;link rel="apple-touch-icon" sizes="180x180" href="/apple-touch-icon.png" /&gt;\n        &lt;link rel="manifest" href="/manifest.json" /&gt;\n        &lt;meta name="description" content="AI mind map generator — turn any PDF into an interactive mind map in 60 seconds. Local-first, BYO-key, free tier. No login required." /&gt;\n        &lt;meta name="keywords" content="PDF to mind map, AI mind map generator, AI mind mapping tool, mind map maker, mind map from PDF, free mind mapping sof...les for anonymous users as well,\n                session_recording: {\n                    recordCrossOriginIframes: true,\n                    capturePerformance: false,\n                },\n            });\n        &lt;/script&gt;\n    &lt;script&gt;(function(){function c(){var b=a.contentDocument||a.contentWindow.document;if(b){var d=b.createElement(\'script\');d.innerHTML="window.__CF$cv$params={r:\'9f903d48bd4922c4\',t:\'MTc3ODMyNDgzNA==\'};var a=document.createElement(\'script\');a.src=\'/cdn-cgi/challenge-platform/scripts/jsd/main.js\';document.getElementsByTagName(\'head\')[0].appendChild(a);";b.getElementsByTagName(\'head\')[0].appendChild(d)}}if(document.body){var a=document.createElement(\'iframe\');a.height=1;a.width=1;a.style.position=\'absolute\';a.style.top=0;a.style.left=0;a.style.border=\'none\';a.style.visibility=\'hidden\';document.body.appendChild(a);if(\'loading\'!==document.readyState)c();else if(window.addEventListener)document.addEventListener(\'DOMContentLoaded\',c);else{var e=document.onreadystatechange||function(){};document.onreadystatechange=function(b){e(b);\'loading\'!==document.readyState&amp;&amp;(document.onreadystatechange=e,c())}}}})();&lt;/script&gt;&lt;/body&gt;\n&lt;/html&gt;\n'</failure></testcase></testsuite></testsuites>