<?xml version="1.0" encoding="utf-8"?><testsuites name="pytest tests"><testsuite name="pytest" errors="0" failures="0" skipped="0" tests="6" time="1.958" timestamp="2026-04-24T10:04:37.203262+00:00" hostname="agent-env-267c8bd3-f469-46e5-9fae-f1cf9bb9fdc5"><testcase classname="tests.test_research_memory" name="test_research_request_accepts_empty_memory" time="0.000" /><testcase classname="tests.test_research_memory" name="test_research_request_parses_memory_entries" time="0.000" /><testcase classname="tests.test_research_memory" name="test_build_memory_blob_empty_returns_empty_string" time="0.000" /><testcase classname="tests.test_research_memory" name="test_build_memory_blob_renders_compact_tree" time="0.000" /><testcase classname="tests.test_research_memory" name="test_build_memory_blob_caps_entries_and_branches" time="0.000" /><testcase classname="tests.test_research_memory" name="test_build_memory_blob_skips_entries_without_focus_title" time="0.000" /></testsuite></testsuites>