<?xml version="1.0" encoding="utf-8"?><testsuites name="pytest tests"><testsuite name="pytest" errors="0" failures="0" skipped="0" tests="6" time="2.603" timestamp="2026-04-24T09:33:09.368154+00:00" hostname="agent-env-267c8bd3-f469-46e5-9fae-f1cf9bb9fdc5"><testcase classname="tests.test_share_unfurl.TestUnfurlFallback" name="test_nonexistent_slug_returns_200_fallback" time="0.218" /><testcase classname="tests.test_share_unfurl.TestUnfurlFallback" name="test_cache_control_header_in_process" time="2.059" /><testcase classname="tests.test_share_unfurl.TestUnfurlRealShare" name="test_real_share_unfurl_has_title_and_branch_count" time="0.005" /><testcase classname="tests.test_share_unfurl.TestUnfurlRealShare" name="test_x_forwarded_proto_https_passthrough" time="0.004" /><testcase classname="tests.test_share_unfurl.TestUnfurlRealShare" name="test_public_url_serves_unfurl" time="0.144" /><testcase classname="tests.test_share_unfurl.TestBaselineOGTags" name="test_index_html_has_og_and_twitter_tags" time="0.105" /></testsuite></testsuites>