<?xml version="1.0" encoding="utf-8"?><testsuites name="pytest tests"><testsuite name="pytest" errors="0" failures="0" skipped="0" tests="13" time="4.249" timestamp="2026-04-24T08:43:00.425346+00:00" hostname="agent-env-267c8bd3-f469-46e5-9fae-f1cf9bb9fdc5"><testcase classname="tests.test_share.TestSharePublicUnauth" name="test_get_nonexistent_slug_returns_404" time="0.236" /><testcase classname="tests.test_share.TestSharePublicUnauth" name="test_post_share_requires_auth" time="0.105" /><testcase classname="tests.test_share.TestSharePublicUnauth" name="test_delete_share_requires_auth" time="0.102" /><testcase classname="tests.test_share.TestSharePublicUnauth" name="test_list_mine_requires_auth" time="0.102" /><testcase classname="tests.test_share.TestShareCreateFlow" name="test_post_missing_title_returns_400" time="1.743" /><testcase classname="tests.test_share.TestShareCreateFlow" name="test_post_too_large_returns_413" time="0.006" /><testcase classname="tests.test_share.TestShareCreateFlow" name="test_full_create_get_revoke_flow" time="0.369" /><testcase classname="tests.test_share.TestOGImage" name="test_og_nonexistent_slug_returns_200_fallback_public" time="0.271" /><testcase classname="tests.test_share.TestOGImage" name="test_og_nonexistent_slug_header_in_process" time="0.131" /><testcase classname="tests.test_share.TestOGImage" name="test_og_valid_slug_returns_png_with_300_cache" time="0.750" /><testcase classname="tests.test_share.TestRegressionMounts" name="test_health" time="0.119" /><testcase classname="tests.test_share.TestRegressionMounts" name="test_billing_plans" time="0.117" /><testcase classname="tests.test_share.TestRegressionMounts" name="test_research_stream_mounted" time="0.111" /></testsuite></testsuites>