<?xml version="1.0" encoding="utf-8"?><testsuites name="pytest tests"><testsuite name="pytest" errors="0" failures="0" skipped="0" tests="6" time="2.495" timestamp="2026-04-24T08:21:25.122274+00:00" hostname="agent-env-267c8bd3-f469-46e5-9fae-f1cf9bb9fdc5"><testcase classname="tests.test_research_stream.TestPublicEndpoints" name="test_health" time="0.228" /><testcase classname="tests.test_research_stream.TestPublicEndpoints" name="test_billing_plans" time="0.104" /><testcase classname="tests.test_research_stream.TestPublicEndpoints" name="test_research_stream_unauthenticated_returns_401" time="0.107" /><testcase classname="tests.test_research_stream.TestPublicEndpoints" name="test_research_non_streaming_unauthenticated_returns_401" time="0.131" /><testcase classname="tests.test_research_stream.TestStreamWithAuthOverride" name="test_missing_focus_title_returns_400" time="1.758" /><testcase classname="tests.test_research_stream.TestStreamWithAuthOverride" name="test_stream_headers_are_sse" time="0.103" /></testsuite></testsuites>