<?xml version="1.0" encoding="utf-8"?><testsuites name="pytest tests"><testsuite name="pytest" errors="0" failures="0" skipped="0" tests="12" time="2.897" timestamp="2026-04-30T21:30:33.273529+00:00" hostname="agent-env-267c8bd3-f469-46e5-9fae-f1cf9bb9fdc5"><testcase classname="backend.tests.test_premium_addon.TestPremiumAuth" name="test_premium_status_unauth" time="0.400" /><testcase classname="backend.tests.test_premium_addon.TestPremiumAuth" name="test_premium_bailii_search_unauth_is_401_not_402" time="0.152" /><testcase classname="backend.tests.test_premium_addon.TestPremiumAuth" name="test_premium_lexisnexis_probe_unauth" time="0.149" /><testcase classname="backend.tests.test_premium_addon.TestPremiumAuth" name="test_premium_lexisnexis_token_put_unauth" time="0.151" /><testcase classname="backend.tests.test_premium_addon.TestPremiumAuth" name="test_premium_case_summary_unauth" time="0.211" /><testcase classname="backend.tests.test_premium_addon.TestPremiumAuth" name="test_premium_case_summary_unauth_with_evil_host" time="0.157" /><testcase classname="backend.tests.test_premium_addon.TestPremiumAuth" name="test_premium_case_summary_unauth_empty_body" time="0.157" /><testcase classname="backend.tests.test_premium_addon.TestAddonCheckoutAuth" name="test_addon_checkout_unauth" time="0.183" /><testcase classname="backend.tests.test_premium_addon.TestAddonCheckoutAuth" name="test_addon_checkout_invalid_addon_key" time="0.108" /><testcase classname="backend.tests.test_premium_addon.TestBackendRegressions" name="test_license_verify_unauth_still_401" time="0.188" /><testcase classname="backend.tests.test_premium_addon.TestBackendRegressions" name="test_billing_plans_unpolluted" time="0.114" /><testcase classname="backend.tests.test_premium_addon.TestBackendRegressions" name="test_corpus_law_uk_search" time="0.758" /></testsuite></testsuites>