<?xml version="1.0" encoding="utf-8"?><testsuites name="pytest tests"><testsuite name="pytest" errors="0" failures="0" skipped="0" tests="4" time="2.272" timestamp="2026-04-29T12:45:45.104375+00:00" hostname="agent-env-267c8bd3-f469-46e5-9fae-f1cf9bb9fdc5"><testcase classname="tests.test_launch_smoke" name="test_waitlist_happy_path" time="0.255" /><testcase classname="tests.test_launch_smoke" name="test_waitlist_dedupe" time="0.220" /><testcase classname="tests.test_launch_smoke" name="test_waitlist_rejects_invalid_email" time="1.169" /><testcase classname="tests.test_launch_smoke" name="test_waitlist_rate_limit" time="0.558" /></testsuite></testsuites>