<?xml version="1.0" encoding="utf-8"?><testsuites name="pytest tests"><testsuite name="pytest" errors="0" failures="2" skipped="0" tests="7" time="2.145" timestamp="2026-04-30T13:39:34.801307+00:00" hostname="agent-env-267c8bd3-f469-46e5-9fae-f1cf9bb9fdc5"><testcase classname="backend.tests.test_corpus_law_uk.TestCorpusSearchLawUK" name="test_equality_act_returns_both_kinds_statutes_first" time="0.708" /><testcase classname="backend.tests.test_corpus_law_uk.TestCorpusSearchLawUK" name="test_negligence_judgments_have_citation_and_court" time="0.403" /><testcase classname="backend.tests.test_corpus_law_uk.TestCorpusSearchLawUK" name="test_empty_query_rejected" time="0.061" /><testcase classname="backend.tests.test_corpus_law_uk.TestCorpusSearchLawUK" name="test_unknown_source_rejected" time="0.080" /><testcase classname="backend.tests.test_corpus_law_uk.TestCorpusFetchLawUK" name="test_fetch_legislation_gov_uk_streams_pdf" time="0.148"><failure message="AssertionError: expected 200, got 502 — {&quot;detail&quot;:&quot;Upstream returned 202&quot;}&#10;assert 502 == 200&#10; +  where 502 = &lt;Response [502]&gt;.status_code">backend/tests/test_corpus_law_uk.py:97: in test_fetch_legislation_gov_uk_streams_pdf
    assert r.status_code == 200, f"expected 200, got {r.status_code} — {r.text[:300] if r.status_code != 200 else ''}"
E   AssertionError: expected 200, got 502 — {"detail":"Upstream returned 202"}
E   assert 502 == 200
E    +  where 502 = &lt;Response [502]&gt;.status_code</failure></testcase><testcase classname="backend.tests.test_corpus_law_uk.TestCorpusFetchLawUK" name="test_fetch_non_allowlisted_url_rejected" time="0.054" /><testcase classname="backend.tests.test_corpus_law_uk.TestCorpusRegression" name="test_arxiv_search_still_works" time="0.473"><failure message="AssertionError: {&quot;detail&quot;:&quot;arXiv upstream error: Client error '429 Unknown Error' for url 'https://export.arxiv.org/api/query?search_query=all%3Atransformer&amp;start=0&amp;max_results=5&amp;sortBy=relevance'\nFor more information check: https://developer.mozilla.org/en-US/docs/Web/HTTP/Status/429&quot;}&#10;assert 502 == 200&#10; +  where 502 = &lt;Response [502]&gt;.status_code">backend/tests/test_corpus_law_uk.py:121: in test_arxiv_search_still_works
    assert r.status_code == 200, r.text
E   AssertionError: {"detail":"arXiv upstream error: Client error '429 Unknown Error' for url 'https://export.arxiv.org/api/query?search_query=all%3Atransformer&amp;start=0&amp;max_results=5&amp;sortBy=relevance'\nFor more information check: https://developer.mozilla.org/en-US/docs/Web/HTTP/Status/429"}
E   assert 502 == 200
E    +  where 502 = &lt;Response [502]&gt;.status_code</failure></testcase></testsuite></testsuites>