<?xml version="1.0" encoding="utf-8"?><testsuites name="pytest tests"><testsuite name="pytest" errors="0" failures="0" skipped="0" tests="4" time="0.823" timestamp="2026-04-30T15:45:52.591598+00:00" hostname="agent-env-267c8bd3-f469-46e5-9fae-f1cf9bb9fdc5"><testcase classname="backend.tests.test_share_referral.TestShareReferral" name="test_share_returns_referral_code_and_no_owner" time="0.311" /><testcase classname="backend.tests.test_share_referral.TestShareReferral" name="test_share_404_for_unknown_slug" time="0.161" /><testcase classname="backend.tests.test_share_referral.TestLicensePremiumRegression" name="test_license_verify_unauth_401" time="0.164" /><testcase classname="backend.tests.test_share_referral.TestLicensePremiumRegression" name="test_premium_status_unauth_401" time="0.120" /></testsuite></testsuites>