<?xml version="1.0" encoding="utf-8"?><testsuites name="pytest tests"><testsuite name="pytest" errors="0" failures="0" skipped="0" tests="5" time="3.342" timestamp="2026-04-30T13:52:40.486678+00:00" hostname="agent-env-267c8bd3-f469-46e5-9fae-f1cf9bb9fdc5"><testcase classname="backend.tests.test_corpus_law_uk.TestLegislationPdfRewrite" name="test_equality_act_2010" time="0.903" /><testcase classname="backend.tests.test_corpus_law_uk.TestLegislationPdfRewrite" name="test_human_rights_act_1998" time="1.144" /><testcase classname="backend.tests.test_corpus_law_uk.TestCaselawNativePassthrough" name="test_caselaw_pdf_passthrough" time="0.501" /><testcase classname="backend.tests.test_corpus_law_uk.TestFetchAllowlist" name="test_evil_url_rejected" time="0.063" /><testcase classname="backend.tests.test_corpus_law_uk.TestCorpusSearchRegression" name="test_human_rights_act_search_mixed_kinds" time="0.660" /></testsuite></testsuites>